  Load.cpp
  Truck_tests.cpp
  unit_test_framework.cpp
  Generating Code...
Truck_tests.obj : error LNK2005: _main already defined in Load.obj
C:\Users\cthomas\Documents\Projects\Truck Loading\Debug\Load.exe : fatal error LNK1169: one or more multiply defined symbols found
